<?xml version="1.0" encoding="UTF-8"?>
<!-- Generated by org.testng.reporters.JUnitReportReporter -->
<testsuite hostname="LAPTOP-AG8PKAHO" failures="0" tests="1" name="Test1" time="2.355" errors="0" timestamp="2024-08-09T00:08:41 IST" skipped="0">
  <testcase classname="Test1" name="link1" time="2.355"/>
</testsuite> <!-- Test1 -->
