<?xml version="1.0" encoding="UTF-8"?>
<!-- Generated by org.testng.reporters.JUnitReportReporter -->
<testsuite hostname="LAPTOP-AG8PKAHO" failures="0" tests="1" name="com.qa.Assignment.Time" time="0.015" errors="0" timestamp="2024-08-09T09:24:19 IST" skipped="0">
  <testcase classname="com.qa.Assignment.Time" name="time" time="0.015"/>
</testsuite> <!-- com.qa.Assignment.Time -->
